[22:05:31] [modloading-worker-0/INFO] ========================================
[22:05:31] [modloading-worker-0/INFO] Minecraft: 1.19.2
[22:05:31] [modloading-worker-0/INFO] Side: server
[22:05:31] [modloading-worker-0/INFO] Development: false
[22:05:31] [modloading-worker-0/INFO] Version: 9.1.682
[22:05:31] [modloading-worker-0/INFO] Loader:
[22:05:31] [modloading-worker-0/INFO] - Forge: 43.4.2
[22:05:31] [modloading-worker-0/INFO] Dependencies:
[22:05:31] [modloading-worker-0/INFO] - Cloth Config: 8.3.115
[22:05:31] [modloading-worker-0/INFO] - Architectury: 6.5.85
[22:05:31] [modloading-worker-0/INFO] Mixin: 0.8.5
[22:05:31] [modloading-worker-0/INFO] OS: Linux 6.8.0-1030-azure (amd64)
[22:05:31] [modloading-worker-0/INFO] Java: 17.0.17 (Ubuntu)
[22:05:31] [modloading-worker-0/INFO] ========================================
[22:05:31] [modloading-worker-0/INFO] Mods:
[22:05:31] [modloading-worker-0/INFO] - appleskin: 2.4.2+mc1.19
[22:05:31] [modloading-worker-0/INFO] - architectury: 6.5.85
[22:05:31] [modloading-worker-0/INFO] - bettercombat: 1.7.1+1.19
[22:05:31] [modloading-worker-0/INFO] - betterf3: 4.0.1
[22:05:31] [modloading-worker-0/INFO] - cgm: 1.3.4
[22:05:31] [modloading-worker-0/INFO] - cloth_config: 8.3.115
[22:05:31] [modloading-worker-0/INFO] - controlling: 10.0+7
[22:05:31] [modloading-worker-0/INFO] - entity_model_features: 1.1.0
[22:05:31] [modloading-worker-0/INFO] - entity_texture_features: 4.6.1
[22:05:31] [modloading-worker-0/INFO] - entityculling: 1.6.1
[22:05:31] [modloading-worker-0/INFO] - fallingleaves: 1.3.1
[22:05:31] [modloading-worker-0/INFO] - flashlight: 2.0.1
[22:05:31] [modloading-worker-0/INFO] - fnaf_mod: 4
[22:05:31] [modloading-worker-0/INFO] - forge: 43.4.2
[22:05:31] [modloading-worker-0/INFO] - framework: 0.4.2
[22:05:31] [modloading-worker-0/INFO] - geckolib3: 3.1.40
[22:05:31] [modloading-worker-0/INFO] - journeymap: 5.9.7
[22:05:31] [modloading-worker-0/INFO] - leavesbegone: 4.0.1
[22:05:31] [modloading-worker-0/INFO] - minecraft: 1.19.2
[22:05:31] [modloading-worker-0/INFO] - nzgmaddon: 1.2.1
[22:05:31] [modloading-worker-0/INFO] - playeranimator: 1.0.2
[22:05:31] [modloading-worker-0/INFO] - puzzleslib: 4.4.3
[22:05:31] [modloading-worker-0/INFO] - roughlyenoughitems: 9.1.682
[22:05:31] [modloading-worker-0/INFO] - rubidium: 0.6.2c
[22:05:31] [modloading-worker-0/INFO] - rubidium_extra: 0.4.19+mc1.19.2-build.105
[22:05:31] [modloading-worker-0/INFO] - skinlayers3d: 1.5.2
[22:05:31] [modloading-worker-0/INFO] - sound_physics_remastered: 1.19.2-1.3.1
[22:05:31] [modloading-worker-0/INFO] ========================================
[22:05:31] [modloading-worker-0/INFO] [REI] Registered plugin provider DefaultPluginImpl [roughlyenoughitems] for REIServerPlugin
[22:05:31] [modloading-worker-0/INFO] [REI] Registered plugin provider DefaultPluginImpl [roughlyenoughitems] for REIPlugin
[22:05:31] [modloading-worker-0/INFO] [REI] Registered plugin provider DefaultRuntimePlugin [roughlyenoughitems] for REIServerPlugin
[22:05:31] [modloading-worker-0/INFO] [REI] Registered plugin provider DefaultRuntimePlugin [roughlyenoughitems] for REIPlugin
